This is pdfTeX, Version 3.141592653-2.6-1.40.25 (TeX Live 2023) (preloaded format=pdflatex 2025.4.13)  8 MAY 2025 20:29
entering extended mode
 restricted \write18 enabled.
 %&-line parsing enabled.
**template_peerReviewed.tex
(./template_peerReviewed.tex
LaTeX2e <2022-11-01> patch level 1
L3 programming layer <2023-02-22> (./aesconf.cls
Document Class: aesconf 2024/01/24, Version 1.8
(/usr/share/texlive/texmf-dist/tex/latex/base/latexrelease.sty
LaTeX Info: Redefining \IfTargetDateBefore on input line 281.
Package: latexrelease 2022/02/28 v1.0o LaTeX release emulation and tests (inclu
ding releases up to 2022-11-01)
Skipping: [2019/10/01] Final dot for extension on input line 593.
Applying: [0000/00/00] Final dot for extension on input line 610.
Applying: [2015/01/01] Extended Allocation on input line 621.
Already applied: [0000/00/00] Extended Allocation on input line 659.
Applying: [2015/01/01] Extended Allocation on input line 673.
Already applied: [0000/00/00] Extended Allocation on input line 688.
Applying: [2015/01/01] Extended Allocation on input line 693.
Already applied: [0000/00/00] Extended Allocation on input line 701.
Applying: [2015/01/01] Extended Allocation on input line 704.
Already applied: [0000/00/00] Extended Allocation on input line 712.
Applying: [2015/10/01] Extended Allocation (checking) on input line 716.
Already applied: [2015/01/01] Extended Allocation (checking) on input line 730.

Already applied: [0000/00/00] Extended Allocation (checking) on input line 744.

Applying: [2015/01/01] Extra floats on input line 748.
Already applied: [0000/00/00] Extra floats on input line 781.
Skipping: [2020/10/01] emulate alloc@ on input line 786.
Applying: [0000/00/00] emulate alloc@ on input line 790.
Applying: [2015/10/01] Extended \newinsert  on input line 798.
Already applied: [0000/00/00] Extended \newinsert  on input line 842.
Skipping: [2021/06/01] tracingstacklevels on input line 854.
Applying: [0000/00/00] tracingstacklevels on input line 864.
Skipping: [2022/06/01] Add a redirection to obeylines and obeyspaces on input l
ine 871.
Applying: [0000/00/00] Add a redirection to obeylines and obeyspaces on input l
ine 888.
Skipping: [2021/06/01] \tracingstacklevels and \tracinglostchars =3 on input li
ne 905.
Applying: [2015/01/01] etex tracing on input line 926.
Already applied: [0000/00/00] etex tracing on input line 960.
Applying: [2015/01/01] turn off etex tracing on input line 968.
Already applied: [2015/01/01] turn off etex tracing on input line 992.
Already applied: [0000/00/00] turn off etex tracing on input line 1032.
Applying: [2015/01/01] hide output from tracing on input line 1036.
Already applied: [0000/00/00] hide output from tracing on input line 1046.
Skipping: [2020/10/01] Define several kernel hooks on input line 1268.
Applying: [0000/00/00] Define several kernel hooks on input line 1277.
Skipping: [2020/10/01] Roll forward support on input line 1284.
Skipping: [2020/10/01] Pre-load expl3 on input line 1292.
Skipping: [2020/02/02] Pre-load expl3 on input line 1336.
Skipping: [2020/10/01] expl3 macros added for the 2020-10-01 release on input l
ine 1357.
Applying: [0000/00/00] expl3 macros added for the 2020-10-01 release on input l
ine 1369.
Skipping: [2022/06/01] fp and int calculations on input line 1378.
Applying: [0000/00/00] fp and int calculations on input line 1387.
Skipping: [2022/06/01] Some pre-expansion commands on input line 1395.
Applying: [0000/00/00] Some pre-expansion commands on input line 1408.
Skipping: [2020/10/01] Allow "par" in \typeout  on input line 1415.
Applying: [0000/00/00] Allow "par" in \typeout  on input line 1422.
Skipping: [2020/10/01] Make \@carcube long on input line 1427.
Applying: [0000/00/00] Undo: Make \@carcube long on input line 1430.
Skipping: [2022/11/01] protected edef on input line 1434.
Applying: [00/00/00] protected edef on input line 1439.
Skipping: [2020/10/01] \MakeRobust  on input line 1443.
Skipping: [2019/10/01] \MakeRobust  on input line 1482.
Applying: [2015/01/01] \MakeRobust  on input line 1509.
Already applied: [0000/00/00] \MakeRobust  on input line 1536.
Skipping: [2020/10/01] Undo robustness on input line 1541.
Applying: [0000/00/00] Undo robustness on input line 1557.
Skipping: [2020-10-01] Add \robust@command@act  on input line 1570.
Applying: [0000-00-00] Add \robust@command@act  on input line 1606.
Skipping: [2020-10-01] Add \NewCommandCopy , \RenewCommandCopy , and \DeclareCo
mmandCopy  on input line 1616.
Applying: [0000-00-00] Undefine \NewCommandCopy , \RenewCommandCopy , and \Decl
areCommandCopy  on input line 1642.
Skipping: [2020-10-01] Add \ShowCommand  on input line 1651.
Applying: [0000-00-00] Undefine \ShowCommand  on input line 1661.
Skipping: [2020-10-01] Add \@if@DeclareRobustCommand , \@if@newcommand , \@copy
@DeclareRobustCommand , \@copy@newcommand , \@show@DeclareRobustCommand , \@sho
w@newcommand  on input line 1668.
Applying: [0000-00-00] Undefine \@if@DeclareRobustCommand , \@if@newcommand , \
@copy@DeclareRobustCommand , \@copy@newcommand , \@show@DeclareRobustCommand , 
\@show@newcommand  on input line 1762.
Applying: [2018-04-01] Leave commands undefined in \@ifundefined  on input line
 1774.
Already applied: [0000-00-00] Leave commands undefined in \@ifundefined  on inp
ut line 1802.
Skipping: [2020/10/01] Add \string@makeletter  on input line 1811.
Applying: [0000/00/00] Undefine \string@makeletter  on input line 1827.
Skipping: [2020/10/01] Use primitive \- in Lua\LaTeX  on input line 1832.
Applying: [2017/04/15] Use \hyphenchar in \- on input line 1847.
LaTeX Info: Redefining \- on input line 1848.
Already applied: [0000/00/00] Use \hyphenchar in \- on input line 1858.
Skipping: [2019/10/01] Make various commands robust on input line 1863.
Applying: [0000/00/00] Make various commands robust on input line 1882.
BEGIN module: ltcmd (2020/10/01) on input line 1909.
              Document command parser.
Skipping module ltcmd on input line 1909.
Skipping: [2021/11/15] Support \NewCommandCopy in ltcmd on input line 2922.
Skipping: [2020/10/01] Support \NewCommandCopy in ltcmd on input line 3098.
Skipping: [2021/11/15] Support \ShowCommand in ltcmd on input line 3101.
Skipping: [2020/10/01] Support \ShowCommand in ltcmd on input line 3244.
Skipping: [2022/06/01] Testing for empty or blank on input line 4701.
Skipping: [2021/11/15] Testing for empty or blank on input line 4707.
Applying: [0000/00/00] Document command parser on input line 4735.
END module: ltcmd (2020/10/01) on input line 4737.
BEGIN module: lthooks (2020/10/01) on input line 4747.
              The hook management system.
Skipping module lthooks on input line 4747.
Skipping: [2021/06/01] Disable hooks on input line 4866.
Skipping: [2020/10/01] Disable hooks on input line 4884.
Skipping: [2021/06/01] Providing hooks on input line 4890.
Skipping: [2020/10/01] Providing hooks on input line 4910.
Skipping: [2021/11/15] Standardise generic hook names on input line 5117.
Skipping: [2020/10/01] Standardise generic hook names on input line 5134.
Skipping: [2021/11/15] Standardise generic hook names on input line 5162.
Skipping: [2021/06/01] Support cmd hooks on input line 5214.
Skipping: [2020/10/01] Support cmd hooks on input line 5242.
Skipping: [2021/11/15] Standardise generic hook names on input line 5266.
Skipping: [2020/10/01] Standardise generic hook names on input line 5280.
Skipping: [2021/11/15] Standardise generic hook names on input line 5300.
Skipping: [2020/10/01] Standardise generic hook names on input line 5303.
Skipping: [2021/11/15] Standardise generic hook names on input line 5316.
Skipping: [2020/10/01] Standardise generic hook names on input line 5334.
Skipping: [2021/11/15] Standardise generic hook names on input line 5339.
Skipping: [2020/10/01] Standardise generic hook names on input line 5342.
Skipping: [2022/06/01] Refuse setting rule for one-time hooks on input line 538
8.
Skipping: [2020/10/01] Refuse setting rule for one-time hooks on input line 541
9.
Skipping: [2021/11/15] Standardise generic hook names on input line 5898.
Skipping: [2020/10/01] Standardise generic hook names on input line 5917.
Skipping: [2021/11/15] Standardise generic hook names on input line 5945.
Skipping: [2020/10/01] Standardise generic hook names on input line 5948.
Skipping: [2021/06/01] Providing hooks on input line 6197.
Skipping: [2020/10/01] Providing hooks on input line 6202.
Applying: [0000/00/00] The hook management on input line 6317.
END module: lthooks (2020/10/01) on input line 6345.
BEGIN module: ltcmdhooks (2021/06/01) on input line 6355.
              The hook management system for commands.
Skipping module ltcmdhooks on input line 6355.
Skipping: [2021/11/15] Standardise generic hook names on input line 6371.
Skipping: [2021/06/01] Standardise generic hook names on input line 6382.
Skipping: [2021/11/15] Standardise generic hook names on input line 6737.
Skipping: [2021/11/15] Standardise generic hook names on input line 6740.
Applying: [0000/00/00] The hook management system for commands on input line 67
70.
END module: ltcmdhooks (2021/06/01) on input line 6774.
Skipping: [2021/11/15] Notes for classes/packages on input line 6781.
Applying: [0000/00/00] Notes for classes/packages on input line 6800.
Skipping: [2021/11/15] Display notes on input line 6804.
Applying: [0000/00/00] Display notes on input line 6816.
BEGIN module: ltpara (2021/06/01) on input line 6830.
              Paragraph handling and hooks.
Skipping module ltpara on input line 6830.
Applying: [0000/00/00] Undo hooks for paragraphs on input line 6951.
END module: ltpara (2021/06/01) on input line 6966.
BEGIN module: ltmeta (2022/06/01) on input line 6974.
              Document Metadata handling.
Skipping module ltmeta on input line 6974.
Applying: [0000/00/00] Undo Document Metadata handling on input line 7002.
END module: ltmeta (2022/06/01) on input line 7006.
Skipping: [2019/10/01] Make commands robust on input line 7010.
Applying: [0000/00/00] Make commands robust on input line 7025.
Skipping: [2020/02/02] Make robust on input line 7035.
Applying: [0000/00/00] Make robust on input line 7045.
LaTeX Info: Redefining \\ on input line 7047.
Skipping: [2020/10/01] Add calc support on input line 7058.
Applying: [0000/00/00] Add calc support on input line 7062.
Skipping: [2020/10/01] \newline calc support on input line 7067.
Applying: [0000/00/00] \newline calc support on input line 7072.
Applying: [2018/10/10] hyphenation and nobreak after space hack on input line 7
078.
Already applied: [2015/10/01] hyphenation and nobreak after space hack on input
 line 7096.
Already applied: [2015/01/01] hyphenation and nobreak after space hack on input
 line 7110.
Already applied: [0000/00/00] hyphenation and nobreak after space hack on input
 line 7122.
Applying: [2015/01/01] hyphenation after space hack on input line 7133.
Already applied: [0000/00/00] hyphenation after space hack on input line 7146.
Skipping: [2020/10/01] \addvspace calc support on input line 7158.
Applying: [0000/00/00] \addvspace calc support on input line 7174.
Applying: [2015/01/01] \addpenalty  on input line 7191.
Already applied: [0000/00/00] \addpenalty  on input line 7225.
Skipping: [2020/10/01] Support calc in \vspace  on input line 7247.
Applying: [0000/00/00] Support calc in \vspace  on input line 7279.
Applying: [2015/01/01] Space after \@  on input line 7312.
Already applied: [0000/00/00] Space after \@  on input line 7316.
Skipping: [2020/10/01] Support calc with \hspace  on input line 7320.
Applying: [0000/00/00] Support calc with \hspace  on input line 7325.
Applying: [2018/12/01] Start LR-mode on input line 7331.
LaTeX Info: Redefining \enspace on input line 7332.
Already applied: [0000/00/00] Start LR-mode on input line 7336.
Skipping: [2020/10/01] Added hook to load l3backend code on input line 7345.
Applying: [2017/04/15] Save language for hyphenation on input line 7415.
Already applied: [0000/00/00] Save language for hyphenation on input line 7473.

Skipping: [2020/10/01] Spaces in file names on input line 7527.
Skipping: [2019/10/01] Spaces in file names on input line 7563.
Applying: [0000/00/00] Spaces in file names on input line 7584.
Skipping: [2022/06/01] Spaces in file names and hooks on input line 7596.
Skipping: [2020/10/01] Spaces in file names and hooks on input line 7648.
Applying: [0000/00/00] Spaces in file names and hooks on input line 7697.
Skipping: [2019/10/01] Quote file names on input line 7730.
Applying: [0000/00/00] Quote file names on input line 7739.
Skipping: [2021/06/01] manage unbalanced conditionals on input line 7762.
Skipping: [2019/10/01] manage unbalanced conditionals on input line 7781.
Applying: [0000/00/00] manage unbalanced conditionals on input line 7799.
Skipping: [2019/10/01] Quote file names on input line 7806.
Already applied: [0000/00/00] Quote file names on input line 7821.
Skipping: [2019/10/01] Don't lose the file name on input line 7838.
Applying: [0000/00/00] Don't lose the file name on input line 7842.
Skipping: [2020/10/01] Change in file error handling on input line 7846.
Skipping: [2019/10/01] Quote file names on input line 7859.
Applying: [0000/00/00] Quote file names on input line 7870.
Skipping: [2020/10/01] Do not load missing file immediately on input line 7880.

Applying: [0000/00/00] Do not load missing file immediately on input line 7912.

Applying: [2017/04/15] test for undeclared accent on input line 7940.
Already applied: [0000/00/00] test for undeclared accent on input line 7965.
Skipping: [2019/10/01] Make commands robust on input line 7985.
Applying: [0000/00/00] Make commands robust on input line 8005.
Applying: [2015/10/01] comma accent on input line 8011.
Already applied: [0000/00/00] comma accent on input line 8017.
Applying: [2016/02/01] comma above on input line 8038.
Already applied: [0000/00/00] comma above on input line 8052.
Applying: [2015/01/01] Reset nested counters on input line 8063.
Already applied: [0000/00/00] Reset nested counters on input line 8067.
Applying: [2018-04-01] Add interfaces on input line 8071.
Already applied: [0000-00-00] Add interfaces on input line 8093.
Skipping: [2021/11/15] counter without/within on input line 8098.
Applying: [2018-04-01] counter without/within on input line 8119.
Already applied: [0000-00-00] counter without/within on input line 8146.
Applying: [2015/01/01] Use \TextOrMath  on input line 8154.
Already applied: [0000/00/00] Use \TextOrMath  on input line 8168.
Applying: [2015/01/01] \TextOrMath  on input line 8174.
Already applied: [0000/00/00] \TextOrMath  on input line 8190.
Applying: [2015/01/01] Using \setlength with \dimen 0 on input line 8195.
Already applied: [0000/00/00] Using \setlength with \dimen 0 on input line 8199
.
Skipping: [2020/02/02] Maybe drop one m on input line 8205.
Applying: [0000/00/00] Maybe drop one m on input line 8232.
Applying: [2015/01/01] Arbitrary units in \DeclareMathSizes  on input line 8253
.
Already applied: [0000/00/00] Arbitrary units in \DeclareMathSizes  on input li
ne 8273.
Skipping: [2021/06/01] Force font face on input line 8290.
Skipping: [2020/02/02] Drop m in usefont on input line 8300.
Applying: [0000/00/00] Drop m in usefont on input line 8310.
LaTeX Info: Redefining \usefont on input line 8312.
Skipping: [2021/11/15] Handle spaces after math on input line 8320.
Skipping: [2020/10/01] Handle spaces after math on input line 8332.
Skipping: [2020/02/02] Loading .fd files on input line 8341.
Applying: [0000/00/00] Loading .fd files on input line 8351.
Skipping: [2020/02/02] Provide family substitution on input line 8356.
Applying: [0000/00/00] Provide family substitution on input line 8387.
Skipping: [2019/10/01] No side effects please on input line 8392.
Applying: [0000/00/00] No side effects please on input line 8404.
Applying: [2015/01/01] Font substitution in preamble on input line 8422.
Already applied: [0000/00/00] Font substitution in preamble on input line 8456.

Applying: [2017/01/01] XeTeX support for \showhyphens  on input line 8489.
LaTeX Info: Redefining \showhyphens on input line 8491.
Already applied: [0000/00/00] XeTeX support for \showhyphens  on input line 854
9.
Skipping: [2020/02/02] Series change rules on input line 8564.
Applying: [0000/00/00] Series change rules on input line 8946.
Skipping: [2021/06/01] delay fontseries update on input line 8952.
Skipping: [2020/02/02] delay fontseries update on input line 8963.
Applying: [0000/00/00] delay fontseries update on input line 8975.
LaTeX Info: Redefining \fontseries on input line 8977.
Skipping: [2020/02/02] Merge series values on input line 8982.
Applying: [0000/00/00] Merge series values on input line 9061.
Skipping: [2020/02/02] Font shape change rules on input line 9077.
Applying: [0000/00/00] Font shape change rules on input line 9135.
Skipping: [2021/06/01] Font shape change on input line 9147.
Skipping: [2020/02/02] Font shape change on input line 9156.
Applying: [0000/00/00] Font shape change on input line 9163.
LaTeX Info: Redefining \fontshape on input line 9165.
Skipping: [2020/02/02] Font shape change rules on input line 9171.
Applying: [0000/00/00] Font shape change rules on input line 9244.
LaTeX Info: Redefining \fontshape on input line 9246.
Skipping: [2020/10/01] NFSS series init on input line 9262.
Skipping: [2020/02/02] NFSS series init on input line 9267.
Applying: [0000/00/00] NFSS series init on input line 9271.
Skipping: [2021/06/01] Add hook to \selectfont  on input line 9278.
Applying: [0000/00/00] Add hook to \selectfont  on input line 9313.
LaTeX Info: Redefining \selectfont on input line 9315.
Skipping: [2020/02/02] alias size function on input line 9329.
Applying: [0000/00/00] alias size function on input line 9337.
Applying: [2015/01/01] \select@group  on input line 9346.
Already applied: [0000/00/00] \select@group  on input line 9373.
Skipping: [2021/11/15] \document@select@group  on input line 9401.
Skipping: [2020/10/01] \document@select@group  on input line 9441.
Applying: [2015/01/01] \document@select@group  on input line 9471.
Already applied: [0000/00/00] \document@select@group  on input line 9502.
Skipping: [2022/11/01] freeze math version on input line 9533.
Skipping: [2021/11/15] freeze math version on input line 9564.
Skipping: [2022/11/01] local alphabets on input line 9607.
Skipping: [2021/11/15] local alphabets on input line 9619.
Applying: [0000/00/00] local alphabets on input line 9625.
Skipping: [2022/11/01] maybe drop m on input line 9630.
Applying: [0000/00/00] maybe drop m on input line 9677.
Skipping: [2022/11/01] maybe drop m on input line 9684.
Applying: [0000/00/00] maybe drop m on input line 9708.
Skipping: [2019/10/01] Make math accents robust on input line 9715.
Applying: [0000/00/00] Make math accents robust on input line 9762.
Skipping: [2019/10/01] makemath accents robust on input line 9804.
Applying: [0000/00/00] makemath accents robust on input line 9812.
Skipping: [2019/10/01] make delimiters robust on input line 9819.
Applying: [0000/00/00] make delimiters robust on input line 9828.
Skipping: [2021/11/15] Custom series on input line 9839.
Skipping: [2020/02/02] Custom series on input line 9874.
Applying: [0000/00/00] Custom series on input line 9907.
Skipping: [2020/02/02] Custom series on input line 9929.
Applying: [0000/00/00] Custom series on input line 10012.
Skipping: [2021/11/15] Custom series with hooks on input line 10033.
Skipping: [2020/10/01] Custom series with hooks on input line 10086.
Skipping: [2020/02/02] Custom series with hooks on input line 10133.
Applying: [0000/00/00] Custom series with hooks on input line 10162.
LaTeX Info: Redefining \bfseries on input line 10164.
LaTeX Info: Redefining \mdseries on input line 10167.
Skipping: [2020/10/01] Custom series with hooks on input line 10173.
Skipping: [2020/02/02] Custom series with hooks on input line 10214.
Applying: [0000/00/00] Custom series with hooks on input line 10248.
LaTeX Info: Redefining \bfseries on input line 10252.
LaTeX Info: Redefining \mdseries on input line 10255.
LaTeX Info: Redefining \rmfamily on input line 10258.
LaTeX Info: Redefining \sffamily on input line 10261.
LaTeX Info: Redefining \ttfamily on input line 10264.
Skipping: [2020/10/01] Font series context on input line 10274.
Applying: [0000/00/00] Font series context on input line 10307.
Skipping: [2020/02/02] Nested emph on input line 10316.
Applying: [2015/01/01] Nested emph on input line 10349.
LaTeX Info: Redefining \em on input line 10357.
Already applied: [0000/00/00] Nested emph on input line 10362.
Skipping: [2020/10/01] XeTeX change for math on input line 10369.
Applying: [0000/00/00] XeTeX change for math on input line 10377.
LaTeX Info: Redefining \symbol on input line 10379.
Skipping: [2021/06/01] Add hook to \normalfont  on input line 10383.
Skipping: [2020/10/01] Add hook to \normalfont  on input line 10397.
Skipping: [2020/02/02] Add hook to \normalfont  on input line 10413.
Applying: [0000/00/00] Add hook to \normalfont  on input line 10430.
LaTeX Info: Redefining \normalfont on input line 10432.
Applying: [2017/01/01] TU encoding default on input line 10445.
Already applied: [0000/00/00] TU encoding default on input line 10463.
Skipping: [2020/02/02] font defaults change on input line 10473.
Applying: [0000/00/00] font defaults change on input line 10481.
Applying: [2018/12/01] Start LR-mode on input line 10490.
LaTeX Info: Redefining \big on input line 10491.
LaTeX Info: Redefining \Big on input line 10493.
LaTeX Info: Redefining \bigg on input line 10495.
LaTeX Info: Redefining \Bigg on input line 10497.
Already applied: [0000/00/00] Start LR-mode on input line 10501.
Skipping: [2020/02/02] Additional text commands on input line 10510.
Applying: [0000/00/00] Additional text commands on input line 10516.
BEGIN module: lttextcomp (2020/02/02) on input line 10524.
              Text Companion symbols.
Skipping module lttextcomp on input line 10524.
Applying: [0000/00/00] Undefine text companion symbols on input line 11125.
LaTeX Info: Redefining \oldstylenums on input line 11127.
END module: lttextcomp (2020/02/02) on input line 11326.
Skipping: [2022/06/01] Add starred reference commands on input line 11332.
Applying: [0000/00/00] Add starred reference commands on input line 11348.
Skipping: [2022/06/01] Add starred version on input line 11355.
Skipping: [2020/10/01] Add starred version on input line 11371.
Skipping: [2019/10/01] Add \labelformat and \Ref  on input line 11383.
Applying: [0000/00/00] Add \labelformat and \Ref  on input line 11394.
Skipping: [2020/10/01] Use Hooks on input line 11406.
Applying: [0000/00/00] Use Hooks on input line 11460.
Skipping: [2021/06/01] kernel before hook on input line 11499.
Applying: [0000/00/00] kernel before hook on input line 11503.
Applying: [2018/12/01] Mask line endings on input line 11509.
Already applied: [0000/00/00] Mask line endings on input line 11536.
Skipping: [2020/10/01] Use hook system on input line 11549.
Skipping: [2019/10/01] Making \begin /\end robust on input line 11598.
Applying: [0000/00/00] Making \begin /\end robust on input line 11631.
Skipping: [2020/10/01] Hooks for environments on input line 11650.
Applying: [0000/00/00] Hooks for environments on input line 11657.
Skipping: [2020/02/02] Make robust on input line 11666.
Applying: [0000/00/00] Make robust on input line 11671.
Skipping: [2020/10/01] centering, etc support calc on input line 11678.
Applying: [0000/00/00] centering, etc support calc on input line 11682.
Skipping: [2020/10/01] Set finaldhypendemerits on input line 11687.
Skipping: [2019/10/01] Make commands robust on input line 11705.
Applying: [0000/00/00] Make commands robust on input line 11722.
Applying: [2017-04-15] Disable hyphenation in verbatim on input line 11730.
Already applied: [0000-00-00] Disable hyphenation in verbatim on input line 117
51.
Applying: [2018/12/01] Setup visible space for \verb  on input line 11772.
LaTeX Info: Redefining \asciispace on input line 11773.
Already applied: [0000/00/00] Setup visible space for \verb  on input line 1179
8.
Skipping: [2020/10/01] Drop spaces before \verb delimiter on input line 11808.
Applying: [2018/12/01] Setup visible space for \verb  on input line 11822.
Already applied: [0000/00/00] Setup visible space for \verb  on input line 1183
8.
Applying: [2017-04-15] Disable hyphenation in verb on input line 11849.
Already applied: [0000-00-00] Disable hyphenation in verb on input line 11858.
Skipping: [2019/10/01] Make commands robust on input line 11867.
Applying: [0000/00/00] Make commands robust on input line 11874.
Applying: [2018/12/01] Start LR-mode on input line 11883.
Already applied: [0000/00/00] Start LR-mode on input line 11891.
Skipping: [2022/11/01] Guard against reboxing on input line 11898.
Applying: [0000/00/00] Guard against reboxing on input line 11904.
Applying: [2018/12/01] Start LR-mode on input line 11909.
Already applied: [0000/00/00] Start LR-mode on input line 11913.
Skipping: [2019/10/01] Make commands robust on input line 11917.
Applying: [0000/00/00] Make commands robust on input line 11927.
Skipping: [2020/10/01] amsmath spacing commands on input line 11935.
Applying: [0000/00/00] amsmath spacing commands on input line 11951.
LaTeX Info: Redefining \, on input line 11954.
LaTeX Info: Redefining \thinspace on input line 11956.
LaTeX Info: Redefining \negthinspace on input line 11957.
Applying: [2015/01/01] Make \( robust on input line 11967.
LaTeX Info: Redefining \( on input line 11968.
LaTeX Info: Redefining \) on input line 11970.
Already applied: [0000/00/00] Make \( robust on input line 11973.
Applying: [2015/01/01] Make \[ robust on input line 11981.
LaTeX Info: Redefining \[ on input line 11982.
LaTeX Info: Redefining \] on input line 11993.
Already applied: [0000/00/00] Make \[ robust on input line 12006.
Skipping: [2020/10/01] eqnarray support calc syntax on input line 12034.
Applying: [0000/00/00] eqnarray support calc syntax on input line 12042.
Applying: [2015/01/01] Make \makebox robust on input line 12053.
LaTeX Info: Redefining \makebox on input line 12054.
Already applied: [0000/00/00] Make \makebox robust on input line 12061.
Skipping: [2020/10/01] default units on input line 12070.
Applying: [0000/00/00] default units on input line 12089.
Skipping: [2021/06/01] color group settings on input line 12106.
Applying: [0000/00/00] color group settings on input line 12116.
Applying: [2015/01/01] Make \savebox robust on input line 12128.
LaTeX Info: Redefining \savebox on input line 12129.
Already applied: [0000/00/00] Make \savebox robust on input line 12134.
Applying: [2015/01/01] Make \framebox robust on input line 12141.
LaTeX Info: Redefining \framebox on input line 12142.
Already applied: [0000/00/00] Make \framebox robust on input line 12147.
Applying: [2015/01/01] Make \parbox robust on input line 12154.
LaTeX Info: Redefining \parbox on input line 12155.
Already applied: [0000/00/00] Make \parbox robust on input line 12161.
Applying: [2017-04-15] reset \lineskiplimit  on input line 12170.
Already applied: [0000-00-00] reset \lineskiplimit  on input line 12190.
Skipping: [2021/11/15] footnotetext tagging on input line 12207.
Skipping: [2021/06/01] footnotetext tagging on input line 12224.
Applying: [0000/00/00] footnotetext tagging on input line 12240.
Applying: [2015/01/01] Make \rule robust on input line 12257.
LaTeX Info: Redefining \rule on input line 12258.
Already applied: [0000/00/00] Make \rule robust on input line 12261.
Applying: [2015/01/01] Make \raisebox robust on input line 12266.
LaTeX Info: Redefining \raisebox on input line 12267.
Already applied: [0000/00/00] Make \raisebox robust on input line 12272.
Skipping: [2020/10/01] Tabbing calc syntax on input line 12280.
Applying: [0000/00/00] Tabbing calc syntax on input line 12284.
Skipping: [2019/10/01] Make commands robust on input line 12289.
Applying: [0000/00/00] Make commands robust on input line 12308.
Skipping: [2020/10/01] tabular support calc syntax on input line 12316.
Applying: [0000/00/00] tabular support calc syntax on input line 12320.
Skipping: [2020/10/01] default units on input line 12326.
Applying: [0000/00/00] default units on input line 12331.
Skipping: [2020/10/01] default units on input line 12335.
Applying: [0000/00/00] default units on input line 12347.
Skipping: [2020/10/01] default units on input line 12356.
Applying: [0000/00/00] default units on input line 12369.
Skipping: [2020/10/01] default units on input line 12377.
Applying: [0000/00/00] default units on input line 12385.
Skipping: [2020/10/01] default units on input line 12393.
Applying: [0000/00/00] default units on input line 12404.
Skipping: [2020/10/01] \shortstack calc support on input line 12414.
Applying: [0000/00/00] \shortstack calc support on input line 12418.
Skipping: [2020/10/01] default units on input line 12423.
Applying: [0000/00/00] default units on input line 12434.
Skipping: [2020/10/01] default units on input line 12445.
Applying: [0000/00/00] default units on input line 12459.
Skipping: [2020/10/01] default units on input line 12473.
Applying: [0000/00/00] default units on input line 12530.
Applying: [2016/03/31] Avoid almost zero length leaders on input line 12588.
Already applied: [0000/00/00] Avoid almost zero length leaders on input line 12
594.
Skipping: [2020/10/01] default units on input line 12599.
Applying: [2016/03/31] default units on input line 12626.
Already applied: [0000/00/00] default units on input line 12656.
Applying: [2016/03/31] Avoid almost zero length leaders on input line 12681.
Already applied: [0000/00/00] Avoid almost zero length leaders on input line 12
693.
Applying: [2016/03/31] Avoid almost zero length leaders on input line 12704.
Already applied: [0000/00/00] Avoid almost zero length leaders on input line 12
713.
Skipping: [2020/10/01] default units on input line 12721.
Applying: [0000/00/00] default units on input line 12737.
Skipping: [2020/10/01] default units on input line 12754.
Applying: [0000/00/00] default units on input line 12760.
Skipping: [2020/10/01] default units on input line 12764.
Applying: [0000/00/00] default units on input line 12823.
Skipping: [2019/10/01] Make commands robust on input line 12878.
Applying: [0000/00/00] Make commands robust on input line 12893.
Skipping: [2019/10/01] Make commands robust on input line 12912.
Applying: [0000/00/00] Make commands robust on input line 12926.
Skipping: [2020/10/01] fourth argument on input line 12936.
Applying: [2018/12/01] Mask line endings on input line 12942.
Already applied: [0000/00/00] Mask line endings on input line 12948.
Skipping: [2021/11/15] Four arguments on input line 12953.
Applying: [0000/00/00] Four arguments on input line 12959.
Applying: [2018/12/01] Prevent protrusion on input line 12965.
LaTeX Info: Redefining \noprotrusion on input line 12985.
Already applied: [0000/00/00] Prevent protrusion on input line 12988.
Applying: [2015/01/01] Check float options on input line 13011.
Already applied: [0000/00/00] Check float options on input line 13079.
Applying: [2015/01/01] float order in 2-column on input line 13147.
Already applied: [0000/00/00] float order in 2-column on input line 13171.
Applying: [2015/01/01] float order in 2-column on input line 13186.
Already applied: [0000/00/00] float order in 2-column on input line 13198.
Skipping: [2021/06/01] Explicit par for marginpar on input line 13211.
Applying: [0000/00/00] Explicit par for marginpar on input line 13227.
Skipping: [2020/10/01] superscript baseline on input line 13244.
Applying: [0000/00/00] superscript baseline on input line 13249.
Applying: [2015/01/01] \textsubscript  on input line 13255.
LaTeX Info: Redefining \textsubscript on input line 13256.
Already applied: [0000/00/00] \textsubscript  on input line 13260.
Skipping: [2020/10/01] subscript baseline on input line 13264.
Applying: [2015/01/01] subscript baseline on input line 13269.
Already applied: [0000/00/00] subscript baseline on input line 13275.
Skipping: [2021/11/15] footnotetext tagging on input line 13279.
Skipping: [2021/06/01] footnotetext tagging on input line 13297.
Applying: [0000/00/00] footnotetext tagging on input line 13314.
Skipping: [2021/06/01] Add footref on input line 13332.
Applying: [0000/00/00] Add footref on input line 13341.
Skipping: [2022/06/01] check for blank on input line 13349.
Applying: [0000/00/00] check for blank on input line 13359.
LaTeX Info: Redefining \cite on input line 13361.
Skipping: [2021/06/01] Allow nocite in preamble on input line 13367.
Applying: [0000/00/00] Allow nocite in preamble on input line 13381.
BEGIN module: ltmarks (2022/06/01) on input line 13404.
              Marks handling.
Skipping module ltmarks on input line 13404.
Applying: [0000/00/00] Undo Marks handling on input line 13694.
LaTeX Info: Redefining \NewMarkClass on input line 13696.
LaTeX Info: Redefining \InsertMark on input line 13697.
END module: ltmarks (2022/06/01) on input line 13707.
Skipping: [2022/06/01] New mark support on input line 13712.
Skipping: [2019/10/01] Make commands robust on input line 13738.
Applying: [0000/00/00] Make commands robust on input line 13759.
Skipping: [2020/10/01] Add \@currpath  on input line 13769.
Applying: [0000/00/00] Add \@currpath  on input line 13773.
Skipping: [2020/10/01] Add \@expl@push@filename@@ and \@expl@push@filename@aux@
@  on input line 13778.
Skipping: [2020/02/02] Add \@expl@push@filename@@  on input line 13793.
Applying: [0000/00/00] Add \@expl@push@filename@@ and \@expl@push@filename@aux@
@  on input line 13805.
Defining 2020-02-02\@pushfilename. on input line 13815.
Skipping: [2020/10/01] Add \@expl@pop@filename@@  on input line 13829.
Skipping: [2020/02/02] Add \@expl@push@filename@@  on input line 13837.
Applying: [0000/00/00] Add \@expl@push@filename@@ and \@expl@push@filename@aux@
@  on input line 13843.
Defining 2020-02-02\@popfilename. on input line 13848.
Skipping: [2020/10/01] Add \@kernel@currpathstack  on input line 13856.
Applying: [0000/00/00] Add \@kernel@currpathstack  on input line 13873.
Skipping: [2020/10/01] Test format date on input line 13879.
Applying: [0000/00/00] Test format date on input line 13885.
Applying: [2018/04/01] Guard against bad input on input line 13891.
Already applied: [0000/00/00] Guard against bad input on input line 13902.
Applying: [2017/01/01] Spaces in option clash check on input line 13913.
Already applied: [0000/00/00] Spaces in option clash check on input line 13930.

Skipping: [2021/11/15] Test package loading on input line 13947.
Applying: [0000/00/00] Test package loading on input line 13954.
Skipping: [2020/10/01] Check name with \strcmp  on input line 13963.
Applying: [0000/00/00] Undo: check name with \strcmp  on input line 13976.
Skipping: [2020/10/01] Allow for package substitution on input line 13987.
Skipping: [2020/02/02] Protection for package info on input line 14004.
Applying: [0000/00/00] Protection for package info on input line 14017.
Applying: [0000/00/00] Track \ProvidesPackage  on input line 14030.
Skipping: [2021/06/01] Raw option lists on input line 14035.
Skipping: [2020/10/01] Add file replacement in \@pass@ptions  on input line 140
56.
Applying: [0000/00/00] \@pass@ptions  on input line 14072.
Skipping: [2021/06/01] filter unused option list on input line 14081.
Applying: [0000/00/00] filter unused option list on input line 14091.
Skipping: [2021/06/01] safer @xprocess@ptions on input line 14101.
Applying: [0000/00/00] safer @xprocess@ptions on input line 14117.
Skipping: [2020/10/01] Unused options issue on input line 14133.
Applying: [0000/00/00] Unused options issue on input line 14150.
Skipping: [2021/06/01] filter unused option list on input line 14165.
Applying: [0000/00/00] filter unused option list on input line 14173.
Applying: [2017/01/01] Spaces in \ExecuteOptions  on input line 14180.
Already applied: [0000/00/00] Spaces in \ExecuteOptions  on input line 14190.
Skipping: [2021/06/01] Raw option lists load with options on input line 14199.
Applying: [0000/00/00] Raw option lists load with options on input line 14208.
Skipping: [2020/10/01] Unused options issue on input line 14215.
Applying: [0000/00/00] Unused options issue on input line 14224.
Skipping: [2020/10/01] ifx tests in \@fileswith@pti@ns  on input line 14231.
Applying: [2017/01/01] ifx tests in \@fileswith@pti@ns  on input line 14259.
Already applied: [0000/00/00] ifx tests in \@fileswith@pti@ns  on input line 14
286.
Skipping: [2020/10/01] Hooks and unused options issue on input line 14314.
Applying: [0000/00/00] Hooks and unused options issue on input line 14455.
Skipping: [2020/10/01] Use hook system on input line 14512.
Applying: [0000/00/00] Use hook system on input line 14517.
LaTeX Info: Redefining \AtBeginDocument on input line 14519.
LaTeX Info: Redefining \AtEndDocument on input line 14520.
Skipping: [2020/10/01] Define \q@curr@file directly (gh/220) on input line 1452
4.
Skipping: [2019/10/01] Spaces in file names + optional arg on input line 14653.

Applying: [0000/00/00] Spaces in file names + optional arg on input line 14784.

Skipping: [2020/10/01] Hook management file on input line 14877.
Applying: [0000/00/00] Hook management file on input line 14886.
Skipping: [2020/10/01] File helpers on input line 14895.
Skipping: [2020/10/01] Roll forward help on input line 14956.
Skipping: [2020/10/01] Hook management (files) on input line 15008.
Skipping: [2019/10/01] Hook management (files) on input line 15043.
Applying: [0000/00/00] Hook management (files) on input line 15054.
Skipping: [2020/10/01] Declaring file substitution on input line 15063.
Skipping: [2020/10/01] File substitution on input line 15103.
Applying: [0000/00/00] File substitution on input line 15110.
Skipping: [2022/06/01] Setting current file name on input line 15117.
Skipping: [2021/06/01] Setting current file name on input line 15147.
Skipping: [2020/10/01] Setting current file name on input line 15170.
Skipping: [2019/10/01] Setting current file name on input line 15191.
Applying: [0000/00/00] Setting current file name on input line 15205.
Skipping: [2020/10/01] Make file csname on input line 15210.
Skipping: [2020/10/01] Set curr file on input line 15229.
Skipping: [2020/10/01] Replace files detect loops on input line 15244.
Skipping: [2020/10/01] Tortoise and Hare on input line 15265.
Skipping: [2020/10/01] Disable packages on input line 15306.
Applying: [0000/00/00] Disable packages on input line 15321.
Skipping: [2020/10/01] 2e tmp interfaces on input line 15328.
Applying: [0000/00/00] 2e tmp interfaces on input line 15354.
Skipping: [2020/10/01] Hook management (shipout) on input line 15366.
Applying: [0000/00/00] Hook management (shipout) on input line 15787.
LaTeX Info: Redefining \AtBeginDvi on input line 15804.
Skipping: [2020/10/01] atenddvi emulation on input line 15823.
Applying: [0000/00/00] atenddvi emulation on input line 15836.
Applying: [2015/10/01] Extended float list on input line 15842.
\bx@S=\insert199
\bx@T=\insert198
\bx@U=\insert197
\bx@V=\insert196
\bx@W=\insert195
\bx@X=\insert194
\bx@Y=\insert193
\bx@Z=\insert192
\bx@AA=\insert191
\bx@BB=\insert190
\bx@CC=\insert189
\bx@DD=\insert188
\bx@EE=\insert187
\bx@FF=\insert186
\bx@GG=\insert185
\bx@HH=\insert252
\bx@II=\insert251
\bx@JJ=\insert250
\bx@KK=\insert249
\bx@LL=\insert248
\bx@MM=\insert247
\bx@NN=\insert246
\bx@OO=\insert245
\bx@PP=\insert244
\bx@QQ=\insert243
\bx@RR=\insert242
\bx@SS=\insert241
\bx@TT=\insert240
\bx@UU=\insert239
\bx@VV=\insert238
\bx@WW=\insert237
\bx@XX=\insert236
\bx@YY=\insert235
\bx@ZZ=\insert199
Already applied: [0000/00/00] Extended float list on input line 15862.
Applying: [2017/04/15] Check depth of page on input line 15871.
Already applied: [0000/00/00] Check depth of page on input line 15897.
Applying: [2015/01/01] float order in 2-column on input line 15915.
Already applied: [0000/00/00] float order in 2-column on input line 15924.
Applying: [2015/01/01] float order in 2-column on input line 15929.
Already applied: [0000/00/00] float order in 2-column on input line 15972.
Applying: [2017/04/15] Reset language for hyphenation on input line 16015.
Already applied: [0000/00/00] Reset language for hyphenation on input line 1607
3.
Applying: [2015/01/01] float order in 2-column on input line 16131.
Already applied: [0000/00/00] float order in 2-column on input line 16146.
Applying: [2015/01/01] float order in 2-column on input line 16162.
Already applied: [0000/00/00] float order in 2-column on input line 16181.
Applying: [2015/01/01] float order in 2-column on input line 16199.
Already applied: [0000/00/00] float order in 2-column on input line 16221.
Applying: [2015/01/01] float order in 2-column on input line 16242.
Already applied: [0000/00/00] float order in 2-column on input line 16309.
Applying: [2015/01/01] float order in 2-column on input line 16379.
Already applied: [0000/00/00] float order in 2-column on input line 16412.
Applying: [2015/01/01] float order in 2-column on input line 16444.
Already applied: [0000/00/00] float order in 2-column on input line 16491.
Skipping: [2021/11/15] Show float register contents on input line 16538.
Applying: [0000/00/00] Show float register contents on input line 16560.
Applying: [2017/01/01] negative height floats on input line 16568.
Already applied: [0000/00/00] negative height floats on input line 16578.
Applying: [2015/01/01] 2 column marks on input line 16588.
Already applied: [0000/00/00] 2 column marks on input line 16629.
Applying: [2015/01/01] NFSS version1 commands on input line 16664.
Already applied: [0000/00/00] NFSS version1 commands on input line 16684.
Applying: [2015/01/01] Extended Allocation on input line 16807.
Already applied: [0000/00/00] Extended Allocation on input line 16814.
Skipping: [2022/06/01] Delayed legacy marks on input line 16818.
Applying: [0000/00/00] Delayed legacy marks on input line 16824.
Applying: [2015/01/01] Extended Allocation on input line 16828.
Already applied: [0000/00/00] Extended Allocation on input line 16842.
Applying: [2016/02/01] Start of XeTeX class allocator on input line 16860.
Already applied: [2015/01/01] Start of XeTeX class allocator on input line 1686
8.
Already applied: [0000/00/00] Start of XeTeX class allocator on input line 1687
5.
Skipping: [2021/06/01] Lua trace_stack_levels function on input line 16891.
Applying: [0000/00/00] Lua trace_stack_levels function on input line 16920.
Applying: [2016/02/01] XeTeX character classes on input line 16924.
Already applied: [0000/00/00] XeTeX character classes on input line 16957.
Applying: [2017/04/15] Save language for hyphenation on input line 16981.
Already applied: [0000/00/00] Save language for hyphenation on input line 16985
.
Skipping: [2021/06/01] Preload glyphtounicode on input line 16989.
Applying: [0000/00/00] Preload glyphtounicode on input line 16996.
Applying: [2018/04/01] UTF-8 default on input line 17002.

(/usr/share/texlive/texmf-dist/tex/latex/base/utf8.def
File: utf8.def 2022/06/07 v1.3c UTF-8 support
Now handling font encoding OML ...
... no UTF-8 mapping file for font encoding OML
Now handling font encoding OMS ...
... processing UTF-8 mapping file for font encoding OMS

(/usr/share/texlive/texmf-dist/tex/latex/base/omsenc.dfu
File: omsenc.dfu 2022/06/07 v1.3c UTF-8 support
   defining Unicode char U+00A7 (decimal 167)
   defining Unicode char U+00B6 (decimal 182)
   defining Unicode char U+00B7 (decimal 183)
   defining Unicode char U+2020 (decimal 8224)
   defining Unicode char U+2021 (decimal 8225)
   defining Unicode char U+2022 (decimal 8226)
)
Now handling font encoding OT1 ...
... processing UTF-8 mapping file for font encoding OT1

(/usr/share/texlive/texmf-dist/tex/latex/base/ot1enc.dfu
File: ot1enc.dfu 2022/06/07 v1.3c UTF-8 support
   defining Unicode char U+00A0 (decimal 160)
   defining Unicode char U+00A1 (decimal 161)
   defining Unicode char U+00A3 (decimal 163)
   defining Unicode char U+00AD (decimal 173)
   defining Unicode char U+00B8 (decimal 184)
   defining Unicode char U+00BF (decimal 191)
   defining Unicode char U+00C5 (decimal 197)
   defining Unicode char U+00C6 (decimal 198)
   defining Unicode char U+00D8 (decimal 216)
   defining Unicode char U+00DF (decimal 223)
   defining Unicode char U+00E6 (decimal 230)
   defining Unicode char U+00EC (decimal 236)
   defining Unicode char U+00ED (decimal 237)
   defining Unicode char U+00EE (decimal 238)
   defining Unicode char U+00EF (decimal 239)
   defining Unicode char U+00F8 (decimal 248)
   defining Unicode char U+0131 (decimal 305)
   defining Unicode char U+0141 (decimal 321)
   defining Unicode char U+0142 (decimal 322)
   defining Unicode char U+0152 (decimal 338)
   defining Unicode char U+0153 (decimal 339)
   defining Unicode char U+0174 (decimal 372)
   defining Unicode char U+0175 (decimal 373)
   defining Unicode char U+0176 (decimal 374)
   defining Unicode char U+0177 (decimal 375)
   defining Unicode char U+0218 (decimal 536)
   defining Unicode char U+0219 (decimal 537)
   defining Unicode char U+021A (decimal 538)
   defining Unicode char U+021B (decimal 539)
   defining Unicode char U+0237 (decimal 567)
   defining Unicode char U+2013 (decimal 8211)
   defining Unicode char U+2014 (decimal 8212)
   defining Unicode char U+2018 (decimal 8216)
   defining Unicode char U+2019 (decimal 8217)
   defining Unicode char U+201C (decimal 8220)
   defining Unicode char U+201D (decimal 8221)
   defining Unicode char U+FB00 (decimal 64256)
   defining Unicode char U+FB01 (decimal 64257)
   defining Unicode char U+FB02 (decimal 64258)
   defining Unicode char U+FB03 (decimal 64259)
   defining Unicode char U+FB04 (decimal 64260)
   defining Unicode char U+FB05 (decimal 64261)
   defining Unicode char U+FB06 (decimal 64262)
)
Now handling font encoding T1 ...
... processing UTF-8 mapping file for font encoding T1

(/usr/share/texlive/texmf-dist/tex/latex/base/t1enc.dfu
File: t1enc.dfu 2022/06/07 v1.3c UTF-8 support
   defining Unicode char U+00A0 (decimal 160)
   defining Unicode char U+00A1 (decimal 161)
   defining Unicode char U+00A3 (decimal 163)
   defining Unicode char U+00AB (decimal 171)
   defining Unicode char U+00AD (decimal 173)
   defining Unicode char U+00BB (decimal 187)
   defining Unicode char U+00BF (decimal 191)
   defining Unicode char U+00C0 (decimal 192)
   defining Unicode char U+00C1 (decimal 193)
   defining Unicode char U+00C2 (decimal 194)
   defining Unicode char U+00C3 (decimal 195)
   defining Unicode char U+00C4 (decimal 196)
   defining Unicode char U+00C5 (decimal 197)
   defining Unicode char U+00C6 (decimal 198)
   defining Unicode char U+00C7 (decimal 199)
   defining Unicode char U+00C8 (decimal 200)
   defining Unicode char U+00C9 (decimal 201)
   defining Unicode char U+00CA (decimal 202)
   defining Unicode char U+00CB (decimal 203)
   defining Unicode char U+00CC (decimal 204)
   defining Unicode char U+00CD (decimal 205)
   defining Unicode char U+00CE (decimal 206)
   defining Unicode char U+00CF (decimal 207)
   defining Unicode char U+00D0 (decimal 208)
   defining Unicode char U+00D1 (decimal 209)
   defining Unicode char U+00D2 (decimal 210)
   defining Unicode char U+00D3 (decimal 211)
   defining Unicode char U+00D4 (decimal 212)
   defining Unicode char U+00D5 (decimal 213)
   defining Unicode char U+00D6 (decimal 214)
   defining Unicode char U+00D8 (decimal 216)
   defining Unicode char U+00D9 (decimal 217)
   defining Unicode char U+00DA (decimal 218)
   defining Unicode char U+00DB (decimal 219)
   defining Unicode char U+00DC (decimal 220)
   defining Unicode char U+00DD (decimal 221)
   defining Unicode char U+00DE (decimal 222)
   defining Unicode char U+00DF (decimal 223)
   defining Unicode char U+00E0 (decimal 224)
   defining Unicode char U+00E1 (decimal 225)
   defining Unicode char U+00E2 (decimal 226)
   defining Unicode char U+00E3 (decimal 227)
   defining Unicode char U+00E4 (decimal 228)
   defining Unicode char U+00E5 (decimal 229)
   defining Unicode char U+00E6 (decimal 230)
   defining Unicode char U+00E7 (decimal 231)
   defining Unicode char U+00E8 (decimal 232)
   defining Unicode char U+00E9 (decimal 233)
   defining Unicode char U+00EA (decimal 234)
   defining Unicode char U+00EB (decimal 235)
   defining Unicode char U+00EC (decimal 236)
   defining Unicode char U+00ED (decimal 237)
   defining Unicode char U+00EE (decimal 238)
   defining Unicode char U+00EF (decimal 239)
   defining Unicode char U+00F0 (decimal 240)
   defining Unicode char U+00F1 (decimal 241)
   defining Unicode char U+00F2 (decimal 242)
   defining Unicode char U+00F3 (decimal 243)
   defining Unicode char U+00F4 (decimal 244)
   defining Unicode char U+00F5 (decimal 245)
   defining Unicode char U+00F6 (decimal 246)
   defining Unicode char U+00F8 (decimal 248)
   defining Unicode char U+00F9 (decimal 249)
   defining Unicode char U+00FA (decimal 250)
   defining Unicode char U+00FB (decimal 251)
   defining Unicode char U+00FC (decimal 252)
   defining Unicode char U+00FD (decimal 253)
   defining Unicode char U+00FE (decimal 254)
   defining Unicode char U+00FF (decimal 255)
   defining Unicode char U+0100 (decimal 256)
   defining Unicode char U+0101 (decimal 257)
   defining Unicode char U+0102 (decimal 258)
   defining Unicode char U+0103 (decimal 259)
   defining Unicode char U+0104 (decimal 260)
   defining Unicode char U+0105 (decimal 261)
   defining Unicode char U+0106 (decimal 262)
   defining Unicode char U+0107 (decimal 263)
   defining Unicode char U+0108 (decimal 264)
   defining Unicode char U+0109 (decimal 265)
   defining Unicode char U+010A (decimal 266)
   defining Unicode char U+010B (decimal 267)
   defining Unicode char U+010C (decimal 268)
   defining Unicode char U+010D (decimal 269)
   defining Unicode char U+010E (decimal 270)
   defining Unicode char U+010F (decimal 271)
   defining Unicode char U+0110 (decimal 272)
   defining Unicode char U+0111 (decimal 273)
   defining Unicode char U+0112 (decimal 274)
   defining Unicode char U+0113 (decimal 275)
   defining Unicode char U+0114 (decimal 276)
   defining Unicode char U+0115 (decimal 277)
   defining Unicode char U+0116 (decimal 278)
   defining Unicode char U+0117 (decimal 279)
   defining Unicode char U+0118 (decimal 280)
   defining Unicode char U+0119 (decimal 281)
   defining Unicode char U+011A (decimal 282)
   defining Unicode char U+011B (decimal 283)
   defining Unicode char U+011C (decimal 284)
   defining Unicode char U+011D (decimal 285)
   defining Unicode char U+011E (decimal 286)
   defining Unicode char U+011F (decimal 287)
   defining Unicode char U+0120 (decimal 288)
   defining Unicode char U+0121 (decimal 289)
   defining Unicode char U+0122 (decimal 290)
   defining Unicode char U+0123 (decimal 291)
   defining Unicode char U+0124 (decimal 292)
   defining Unicode char U+0125 (decimal 293)
   defining Unicode char U+0128 (decimal 296)
   defining Unicode char U+0129 (decimal 297)
   defining Unicode char U+012A (decimal 298)
   defining Unicode char U+012B (decimal 299)
   defining Unicode char U+012C (decimal 300)
   defining Unicode char U+012D (decimal 301)
   defining Unicode char U+012E (decimal 302)
   defining Unicode char U+012F (decimal 303)
   defining Unicode char U+0130 (decimal 304)
   defining Unicode char U+0131 (decimal 305)
   defining Unicode char U+0132 (decimal 306)
   defining Unicode char U+0133 (decimal 307)
   defining Unicode char U+0134 (decimal 308)
   defining Unicode char U+0135 (decimal 309)
   defining Unicode char U+0136 (decimal 310)
   defining Unicode char U+0137 (decimal 311)
   defining Unicode char U+0139 (decimal 313)
   defining Unicode char U+013A (decimal 314)
   defining Unicode char U+013B (decimal 315)
   defining Unicode char U+013C (decimal 316)
   defining Unicode char U+013D (decimal 317)
   defining Unicode char U+013E (decimal 318)
   defining Unicode char U+0141 (decimal 321)
   defining Unicode char U+0142 (decimal 322)
   defining Unicode char U+0143 (decimal 323)
   defining Unicode char U+0144 (decimal 324)
   defining Unicode char U+0145 (decimal 325)
   defining Unicode char U+0146 (decimal 326)
   defining Unicode char U+0147 (decimal 327)
   defining Unicode char U+0148 (decimal 328)
   defining Unicode char U+014A (decimal 330)
   defining Unicode char U+014B (decimal 331)
   defining Unicode char U+014C (decimal 332)
   defining Unicode char U+014D (decimal 333)
   defining Unicode char U+014E (decimal 334)
   defining Unicode char U+014F (decimal 335)
   defining Unicode char U+0150 (decimal 336)
   defining Unicode char U+0151 (decimal 337)
   defining Unicode char U+0152 (decimal 338)
   defining Unicode char U+0153 (decimal 339)
   defining Unicode char U+0154 (decimal 340)
   defining Unicode char U+0155 (decimal 341)
   defining Unicode char U+0156 (decimal 342)
   defining Unicode char U+0157 (decimal 343)
   defining Unicode char U+0158 (decimal 344)
   defining Unicode char U+0159 (decimal 345)
   defining Unicode char U+015A (decimal 346)
   defining Unicode char U+015B (decimal 347)
   defining Unicode char U+015C (decimal 348)
   defining Unicode char U+015D (decimal 349)
   defining Unicode char U+015E (decimal 350)
   defining Unicode char U+015F (decimal 351)
   defining Unicode char U+0160 (decimal 352)
   defining Unicode char U+0161 (decimal 353)
   defining Unicode char U+0162 (decimal 354)
   defining Unicode char U+0163 (decimal 355)
   defining Unicode char U+0164 (decimal 356)
   defining Unicode char U+0165 (decimal 357)
   defining Unicode char U+0168 (decimal 360)
   defining Unicode char U+0169 (decimal 361)
   defining Unicode char U+016A (decimal 362)
   defining Unicode char U+016B (decimal 363)
   defining Unicode char U+016C (decimal 364)
   defining Unicode char U+016D (decimal 365)
   defining Unicode char U+016E (decimal 366)
   defining Unicode char U+016F (decimal 367)
   defining Unicode char U+0170 (decimal 368)
   defining Unicode char U+0171 (decimal 369)
   defining Unicode char U+0172 (decimal 370)
   defining Unicode char U+0173 (decimal 371)
   defining Unicode char U+0174 (decimal 372)
   defining Unicode char U+0175 (decimal 373)
   defining Unicode char U+0176 (decimal 374)
   defining Unicode char U+0177 (decimal 375)
   defining Unicode char U+0178 (decimal 376)
   defining Unicode char U+0179 (decimal 377)
   defining Unicode char U+017A (decimal 378)
   defining Unicode char U+017B (decimal 379)
   defining Unicode char U+017C (decimal 380)
   defining Unicode char U+017D (decimal 381)
   defining Unicode char U+017E (decimal 382)
   defining Unicode char U+01C4 (decimal 452)
   defining Unicode char U+01C5 (decimal 453)
   defining Unicode char U+01C6 (decimal 454)
   defining Unicode char U+01C7 (decimal 455)
   defining Unicode char U+01C8 (decimal 456)
   defining Unicode char U+01C9 (decimal 457)
   defining Unicode char U+01CA (decimal 458)
   defining Unicode char U+01CB (decimal 459)
   defining Unicode char U+01CC (decimal 460)
   defining Unicode char U+01CD (decimal 461)
   defining Unicode char U+01CE (decimal 462)
   defining Unicode char U+01CF (decimal 463)
   defining Unicode char U+01D0 (decimal 464)
   defining Unicode char U+01D1 (decimal 465)
   defining Unicode char U+01D2 (decimal 466)
   defining Unicode char U+01D3 (decimal 467)
   defining Unicode char U+01D4 (decimal 468)
   defining Unicode char U+01E2 (decimal 482)
   defining Unicode char U+01E3 (decimal 483)
   defining Unicode char U+01E6 (decimal 486)
   defining Unicode char U+01E7 (decimal 487)
   defining Unicode char U+01E8 (decimal 488)
   defining Unicode char U+01E9 (decimal 489)
   defining Unicode char U+01EA (decimal 490)
   defining Unicode char U+01EB (decimal 491)
   defining Unicode char U+01F0 (decimal 496)
   defining Unicode char U+01F4 (decimal 500)
   defining Unicode char U+01F5 (decimal 501)
   defining Unicode char U+0218 (decimal 536)
   defining Unicode char U+0219 (decimal 537)
   defining Unicode char U+021A (decimal 538)
   defining Unicode char U+021B (decimal 539)
   defining Unicode char U+0232 (decimal 562)
   defining Unicode char U+0233 (decimal 563)
   defining Unicode char U+0237 (decimal 567)
   defining Unicode char U+02D9 (decimal 729)
   defining Unicode char U+02DB (decimal 731)
   defining Unicode char U+1E02 (decimal 7682)
   defining Unicode char U+1E03 (decimal 7683)
   defining Unicode char U+1E0D (decimal 7693)
   defining Unicode char U+1E1E (decimal 7710)
   defining Unicode char U+1E1F (decimal 7711)
   defining Unicode char U+1E25 (decimal 7717)
   defining Unicode char U+1E30 (decimal 7728)
   defining Unicode char U+1E31 (decimal 7729)
   defining Unicode char U+1E37 (decimal 7735)
   defining Unicode char U+1E8E (decimal 7822)
   defining Unicode char U+1E8F (decimal 7823)
   defining Unicode char U+1E43 (decimal 7747)
   defining Unicode char U+1E45 (decimal 7749)
   defining Unicode char U+1E47 (decimal 7751)
   defining Unicode char U+1E5B (decimal 7771)
   defining Unicode char U+1E63 (decimal 7779)
   defining Unicode char U+1E6D (decimal 7789)
   defining Unicode char U+1E90 (decimal 7824)
   defining Unicode char U+1E91 (decimal 7825)
   defining Unicode char U+1E9E (decimal 7838)
   defining Unicode char U+1EF2 (decimal 7922)
   defining Unicode char U+1EF3 (decimal 7923)
   defining Unicode char U+200C (decimal 8204)
   defining Unicode char U+2010 (decimal 8208)
   defining Unicode char U+2011 (decimal 8209)
   defining Unicode char U+2012 (decimal 8210)
   defining Unicode char U+2013 (decimal 8211)
   defining Unicode char U+2014 (decimal 8212)
   defining Unicode char U+2015 (decimal 8213)
   defining Unicode char U+2018 (decimal 8216)
   defining Unicode char U+2019 (decimal 8217)
   defining Unicode char U+201A (decimal 8218)
   defining Unicode char U+201C (decimal 8220)
   defining Unicode char U+201D (decimal 8221)
   defining Unicode char U+201E (decimal 8222)
   defining Unicode char U+2030 (decimal 8240)
   defining Unicode char U+2031 (decimal 8241)
   defining Unicode char U+2039 (decimal 8249)
   defining Unicode char U+203A (decimal 8250)
   defining Unicode char U+2423 (decimal 9251)
   defining Unicode char U+1E20 (decimal 7712)
   defining Unicode char U+1E21 (decimal 7713)
   defining Unicode char U+FB00 (decimal 64256)
   defining Unicode char U+FB01 (decimal 64257)
   defining Unicode char U+FB02 (decimal 64258)
   defining Unicode char U+FB03 (decimal 64259)
   defining Unicode char U+FB04 (decimal 64260)
   defining Unicode char U+FB05 (decimal 64261)
   defining Unicode char U+FB06 (decimal 64262)
)
Now handling font encoding TS1 ...
... processing UTF-8 mapping file for font encoding TS1

(/usr/share/texlive/texmf-dist/tex/latex/base/ts1enc.dfu
File: ts1enc.dfu 2022/06/07 v1.3c UTF-8 support
   defining Unicode char U+00A2 (decimal 162)
   defining Unicode char U+00A3 (decimal 163)
   defining Unicode char U+00A4 (decimal 164)
   defining Unicode char U+00A5 (decimal 165)
   defining Unicode char U+00A6 (decimal 166)
   defining Unicode char U+00A7 (decimal 167)
   defining Unicode char U+00A8 (decimal 168)
   defining Unicode char U+00A9 (decimal 169)
   defining Unicode char U+00AA (decimal 170)
   defining Unicode char U+00AC (decimal 172)
   defining Unicode char U+00AE (decimal 174)
   defining Unicode char U+00AF (decimal 175)
   defining Unicode char U+00B0 (decimal 176)
   defining Unicode char U+00B1 (decimal 177)
   defining Unicode char U+00B2 (decimal 178)
   defining Unicode char U+00B3 (decimal 179)
   defining Unicode char U+00B4 (decimal 180)
   defining Unicode char U+00B5 (decimal 181)
   defining Unicode char U+00B6 (decimal 182)
   defining Unicode char U+00B7 (decimal 183)
   defining Unicode char U+00B9 (decimal 185)
   defining Unicode char U+00BA (decimal 186)
   defining Unicode char U+00BC (decimal 188)
   defining Unicode char U+00BD (decimal 189)
   defining Unicode char U+00BE (decimal 190)
   defining Unicode char U+00D7 (decimal 215)
   defining Unicode char U+00F7 (decimal 247)
   defining Unicode char U+0192 (decimal 402)
   defining Unicode char U+02C7 (decimal 711)
   defining Unicode char U+02D8 (decimal 728)
   defining Unicode char U+02DD (decimal 733)
   defining Unicode char U+0E3F (decimal 3647)
   defining Unicode char U+2016 (decimal 8214)
   defining Unicode char U+2020 (decimal 8224)
   defining Unicode char U+2021 (decimal 8225)
   defining Unicode char U+2022 (decimal 8226)
   defining Unicode char U+2030 (decimal 8240)
   defining Unicode char U+2031 (decimal 8241)
   defining Unicode char U+203B (decimal 8251)
   defining Unicode char U+203D (decimal 8253)
   defining Unicode char U+2044 (decimal 8260)
   defining Unicode char U+204E (decimal 8270)
   defining Unicode char U+2052 (decimal 8274)
   defining Unicode char U+20A1 (decimal 8353)
   defining Unicode char U+20A4 (decimal 8356)
   defining Unicode char U+20A6 (decimal 8358)
   defining Unicode char U+20A9 (decimal 8361)
   defining Unicode char U+20AB (decimal 8363)
   defining Unicode char U+20AC (decimal 8364)
   defining Unicode char U+20B1 (decimal 8369)
   defining Unicode char U+2103 (decimal 8451)
   defining Unicode char U+2116 (decimal 8470)
   defining Unicode char U+2117 (decimal 8471)
   defining Unicode char U+211E (decimal 8478)
   defining Unicode char U+2120 (decimal 8480)
   defining Unicode char U+2122 (decimal 8482)
   defining Unicode char U+2126 (decimal 8486)
   defining Unicode char U+2127 (decimal 8487)
   defining Unicode char U+212E (decimal 8494)
   defining Unicode char U+2190 (decimal 8592)
   defining Unicode char U+2191 (decimal 8593)
   defining Unicode char U+2192 (decimal 8594)
   defining Unicode char U+2193 (decimal 8595)
   defining Unicode char U+2329 (decimal 9001)
   defining Unicode char U+3008 (decimal 12296)
   defining Unicode char U+232A (decimal 9002)
   defining Unicode char U+3009 (decimal 12297)
   defining Unicode char U+2422 (decimal 9250)
   defining Unicode char U+25E6 (decimal 9702)
   defining Unicode char U+25EF (decimal 9711)
   defining Unicode char U+266A (decimal 9834)
   defining Unicode char U+27E8 (decimal 10216)
   defining Unicode char U+27E9 (decimal 10217)
   defining Unicode char U+FEFF (decimal 65279)
)
Now handling font encoding OMX ...
... no UTF-8 mapping file for font encoding OMX
Now handling font encoding U ...
... no UTF-8 mapping file for font encoding U
   defining Unicode char U+00A9 (decimal 169)
   defining Unicode char U+00AA (decimal 170)
   defining Unicode char U+00AE (decimal 174)
   defining Unicode char U+00BA (decimal 186)
   defining Unicode char U+02C6 (decimal 710)
   defining Unicode char U+02DC (decimal 732)
   defining Unicode char U+200C (decimal 8204)
   defining Unicode char U+2026 (decimal 8230)
   defining Unicode char U+2122 (decimal 8482)
   defining Unicode char U+2423 (decimal 9251)
   defining Unicode char U+FEFF (decimal 65279)
)
Already applied: [0000/00/00] UTF-8 default on input line 17082.
)
(/usr/share/texlive/texmf-dist/tex/latex/etoolbox/etoolbox.sty
Package: etoolbox 2020/10/05 v2.5k e-TeX tools for LaTeX (JAW)
\etb@tempcnta=\count266
)
(/usr/share/texlive/texmf-dist/tex/latex/base/article.cls
Document Class: article 2022/07/02 v1.4n Standard LaTeX document class
(/usr/share/texlive/texmf-dist/tex/latex/base/size10.clo
File: size10.clo 2022/07/02 v1.4n Standard LaTeX file (size option)
)
\c@part=\count267
\c@section=\count268
\c@subsection=\count269
\c@subsubsection=\count270
\c@paragraph=\count271
\c@subparagraph=\count272
\c@figure=\count273
\c@table=\count274
\abovecaptionskip=\skip48
\belowcaptionskip=\skip49
\bibindent=\dimen140
)
(/usr/share/texlive/texmf-dist/tex/latex/graphics/graphicx.sty
Package: graphicx 2021/09/16 v1.2d Enhanced LaTeX Graphics (DPC,SPQR)

(/usr/share/texlive/texmf-dist/tex/latex/graphics/keyval.sty
Package: keyval 2022/05/29 v1.15 key=value parser (DPC)
\KV@toks@=\toks16
)
(/usr/share/texlive/texmf-dist/tex/latex/graphics/graphics.sty
Rollback for package 'graphics' requested -> date 2018/12/01.
         Best approximation is the release introduced on 2017-06-25.

(/usr/share/texlive/texmf-dist/tex/latex/graphics/graphics-2017-06-25.sty
Package: graphics 2017/06/25 v1.2c Standard LaTeX Graphics (DPC,SPQR)

(/usr/share/texlive/texmf-dist/tex/latex/graphics/trig.sty
Package: trig 2021/08/11 v1.11 sin cos tan (DPC)
)
(/usr/share/texlive/texmf-dist/tex/latex/graphics-cfg/graphics.cfg
File: graphics.cfg 2016/06/04 v1.11 sample graphics configuration
)
Package graphics Info: Driver file: pdftex.def on input line 99.

(/usr/share/texlive/texmf-dist/tex/latex/graphics-def/pdftex.def
File: pdftex.def 2022/09/22 v1.2b Graphics/color driver for pdftex
)))
\Gin@req@height=\dimen141
\Gin@req@width=\dimen142
)
(/usr/share/texlive/texmf-dist/tex/latex/base/fontenc.sty
Package: fontenc 2021/04/29 v2.0v Standard LaTeX package

(/usr/share/texlive/texmf-dist/tex/latex/base/t1enc.def
File: t1enc.def 2021/04/29 v2.0v Standard LaTeX file
LaTeX Font Info:    Redeclaring font encoding T1 on input line 48.
))
(/usr/share/texlive/texmf-dist/tex/latex/psnfss/mathptmx.sty
Package: mathptmx 2020/03/25 PSNFSS-v9.3 Times w/ Math, improved (SPQR, WaS) 
LaTeX Font Info:    Redeclaring symbol font `operators' on input line 28.
LaTeX Font Info:    Overwriting symbol font `operators' in version `normal'
(Font)                  OT1/cmr/m/n --> OT1/ztmcm/m/n on input line 28.
LaTeX Font Info:    Overwriting symbol font `operators' in version `bold'
(Font)                  OT1/cmr/bx/n --> OT1/ztmcm/m/n on input line 28.
LaTeX Font Info:    Redeclaring symbol font `letters' on input line 29.
LaTeX Font Info:    Overwriting symbol font `letters' in version `normal'
(Font)                  OML/cmm/m/it --> OML/ztmcm/m/it on input line 29.
LaTeX Font Info:    Overwriting symbol font `letters' in version `bold'
(Font)                  OML/cmm/b/it --> OML/ztmcm/m/it on input line 29.
LaTeX Font Info:    Redeclaring symbol font `symbols' on input line 30.
LaTeX Font Info:    Overwriting symbol font `symbols' in version `normal'
(Font)                  OMS/cmsy/m/n --> OMS/ztmcm/m/n on input line 30.
LaTeX Font Info:    Overwriting symbol font `symbols' in version `bold'
(Font)                  OMS/cmsy/b/n --> OMS/ztmcm/m/n on input line 30.
LaTeX Font Info:    Redeclaring symbol font `largesymbols' on input line 31.
LaTeX Font Info:    Overwriting symbol font `largesymbols' in version `normal'
(Font)                  OMX/cmex/m/n --> OMX/ztmcm/m/n on input line 31.
LaTeX Font Info:    Overwriting symbol font `largesymbols' in version `bold'
(Font)                  OMX/cmex/m/n --> OMX/ztmcm/m/n on input line 31.
\symbold=\mathgroup4
\symitalic=\mathgroup5
LaTeX Font Info:    Redeclaring math alphabet \mathbf on input line 34.
LaTeX Font Info:    Overwriting math alphabet `\mathbf' in version `normal'
(Font)                  OT1/cmr/bx/n --> OT1/ptm/bx/n on input line 34.
LaTeX Font Info:    Overwriting math alphabet `\mathbf' in version `bold'
(Font)                  OT1/cmr/bx/n --> OT1/ptm/bx/n on input line 34.
LaTeX Font Info:    Redeclaring math alphabet \mathit on input line 35.
LaTeX Font Info:    Overwriting math alphabet `\mathit' in version `normal'
(Font)                  OT1/cmr/m/it --> OT1/ptm/m/it on input line 35.
LaTeX Font Info:    Overwriting math alphabet `\mathit' in version `bold'
(Font)                  OT1/cmr/bx/it --> OT1/ptm/m/it on input line 35.
LaTeX Info: Redefining \hbar on input line 50.
)
(/usr/share/texlive/texmf-dist/tex/latex/psnfss/helvet.sty
Package: helvet 2020/03/25 PSNFSS-v9.3 (WaS) 
)
(/usr/share/texlive/texmf-dist/tex/latex/psnfss/courier.sty
Package: courier 2020/03/25 PSNFSS-v9.3 (WaS) 
)
\AEStop=\box51

(/usr/share/texlive/texmf-dist/tex/latex/abstract/abstract.sty
Package: abstract 2009/06/08 v1.2a configurable abstracts
\abstitleskip=\skip50
\absleftindent=\skip51
\absrightindent=\skip52
\absparindent=\skip53
\absparsep=\skip54
)
(/usr/share/texlive/texmf-dist/tex/latex/titling/titling.sty
Package: titling 2009/09/04 v2.1d maketitle typesetting
\thanksmarkwidth=\skip55
\thanksmargin=\skip56
\droptitle=\skip57
)
(/usr/share/texlive/texmf-dist/tex/latex/preprint/authblk.sty
Package: authblk 2001/02/27 1.3 (PWD)
\affilsep=\skip58
\@affilsep=\skip59
\c@Maxaffil=\count275
\c@authors=\count276
\c@affil=\count277
)
(/usr/share/texlive/texmf-dist/tex/latex/titlesec/titlesec.sty
Package: titlesec 2021/07/05 v2.14 Sectioning titles
\ttl@box=\box52
\beforetitleunit=\skip60
\aftertitleunit=\skip61
\ttl@plus=\dimen143
\ttl@minus=\dimen144
\ttl@toksa=\toks17
\titlewidth=\dimen145
\titlewidthlast=\dimen146
\titlewidthfirst=\dimen147

(/usr/share/texlive/texmf-dist/tex/latex/titlesec/titleps.sty))
(/usr/share/texlive/texmf-dist/tex/latex/lastpage/lastpage.sty
Package: lastpage 2023/03/07 v2.0a lastpage: 2.09 or 2e? (HMM)

(/usr/share/texlive/texmf-dist/tex/latex/lastpage/lastpage2e.sty
Package: lastpage2e 2023/03/07 v2.0a Decide which 2e lastpage version to use (H
MM)

(/usr/share/texlive/texmf-dist/tex/latex/lastpage/lastpageclassic.sty
Package: lastpageclassic 2023/03/07 v2.0a Refers to last page's name (HMM; JPG)

) 
)) (/usr/share/texlive/texmf-dist/tex/latex/caption/caption.sty
Rollback for package 'caption' requested -> date 2018/12/01.
         Best approximation is the release introduced on 2013-01-10.

(/usr/share/texlive/texmf-dist/tex/latex/caption/caption_2019-09-01.sty
Package: caption 2022/07/10 v3.3e Customizing captions (AR)

(/usr/share/texlive/texmf-dist/tex/latex/caption/caption3.sty
Rollback for package 'caption3' requested -> date 2019/09/01.
         Best approximation is the release introduced on 2013-01-10.

(/usr/share/texlive/texmf-dist/tex/latex/caption/caption3_2019-09-01.sty
Package: caption3 2022/03/17 v1.8i caption3 kernel (AR)
Package caption3 Info: TeX engine: e-TeX on input line 63.
\captionmargin=\dimen148
\captionmargin@=\dimen149
\captionwidth=\dimen150
\caption@tempdima=\dimen151
\caption@indent=\dimen152
\caption@parindent=\dimen153
\caption@hangindent=\dimen154
))
\c@caption@flags=\count278
\c@ContinuedFloat=\count279
))
<AESlogo.png, id=1, 105.2733pt x 124.3044pt>
File: AESlogo.png Graphic file (type png)
<use AESlogo.png>
Package pdftex.def Info: AESlogo.png  used on input line 266.
(pdftex.def)             Requested size: 56.9055pt x 67.19354pt.

Overfull \hbox (56.9055pt too wide) in paragraph at lines 266--266
[][] 
 []

LaTeX Font Info:    Trying to load font information for OT1+ztmcm on input line
 266.
(/usr/share/texlive/texmf-dist/tex/latex/psnfss/ot1ztmcm.fd
File: ot1ztmcm.fd 2000/01/03 Fontinst v1.801 font definitions for OT1/ztmcm.
)
LaTeX Font Info:    Trying to load font information for OML+ztmcm on input line
 266.

(/usr/share/texlive/texmf-dist/tex/latex/psnfss/omlztmcm.fd
File: omlztmcm.fd 2000/01/03 Fontinst v1.801 font definitions for OML/ztmcm.
)
LaTeX Font Info:    Trying to load font information for OMS+ztmcm on input line
 266.

(/usr/share/texlive/texmf-dist/tex/latex/psnfss/omsztmcm.fd
File: omsztmcm.fd 2000/01/03 Fontinst v1.801 font definitions for OMS/ztmcm.
)
LaTeX Font Info:    Trying to load font information for OMX+ztmcm on input line
 266.

(/usr/share/texlive/texmf-dist/tex/latex/psnfss/omxztmcm.fd
File: omxztmcm.fd 2000/01/03 Fontinst v1.801 font definitions for OMX/ztmcm.
)
LaTeX Font Info:    Trying to load font information for OT1+ptm on input line 2
66.

(/usr/share/texlive/texmf-dist/tex/latex/psnfss/ot1ptm.fd
File: ot1ptm.fd 2001/06/04 font definitions for OT1/ptm.
)
LaTeX Font Info:    Font shape `OT1/ptm/bx/n' in size <10> not available
(Font)              Font shape `OT1/ptm/b/n' tried instead on input line 266.
LaTeX Font Info:    Font shape `OT1/ptm/bx/n' in size <7.4> not available
(Font)              Font shape `OT1/ptm/b/n' tried instead on input line 266.
LaTeX Font Info:    Font shape `OT1/ptm/bx/n' in size <6> not available
(Font)              Font shape `OT1/ptm/b/n' tried instead on input line 266.
LaTeX Font Info:    Trying to load font information for T1+phv on input line 26
6.

(/usr/share/texlive/texmf-dist/tex/latex/psnfss/t1phv.fd
File: t1phv.fd 2020/03/25 scalable font definitions for T1/phv.
)
LaTeX Font Info:    Font shape `T1/phv/m/n' will be
(Font)              scaled to size 9.19998pt on input line 266.
LaTeX Font Info:    Font shape `T1/phv/m/n' will be
(Font)              scaled to size 15.89755pt on input line 266.
LaTeX Font Info:    Font shape `T1/phv/m/n' will be
(Font)              scaled to size 25.75995pt on input line 266.
LaTeX Font Info:    Font shape `T1/phv/m/n' will be
(Font)              scaled to size 11.03998pt on input line 266.
LaTeX Font Info:    Trying to load font information for T1+ptm on input line 26
6.

(/usr/share/texlive/texmf-dist/tex/latex/psnfss/t1ptm.fd
File: t1ptm.fd 2001/06/04 font definitions for T1/ptm.
)
Underfull \hbox (badness 10000) in paragraph at lines 266--266

 []


Underfull \hbox (badness 10000) in paragraph at lines 266--266

 []

) (/usr/share/texlive/texmf-dist/tex/latex/base/inputenc.sty
Package: inputenc 2021/02/14 v1.3d Input encoding file
\inpenc@prehook=\toks18
\inpenc@posthook=\toks19
)
(/usr/share/texlive/texmf-dist/tex/latex/microtype/microtype.sty
Package: microtype 2023/03/13 v3.1a Micro-typographical refinements (RS)
\MT@toks=\toks20
\MT@tempbox=\box53
\MT@count=\count280
LaTeX Info: Redefining \noprotrusionifhmode on input line 1059.
LaTeX Info: Redefining \leftprotrusion on input line 1060.
\MT@prot@toks=\toks21
LaTeX Info: Redefining \rightprotrusion on input line 1078.
LaTeX Info: Redefining \textls on input line 1368.
\MT@outer@kern=\dimen155
LaTeX Info: Redefining \textmicrotypecontext on input line 1988.
\MT@listname@count=\count281

(/usr/share/texlive/texmf-dist/tex/latex/microtype/microtype-pdftex.def
File: microtype-pdftex.def 2023/03/13 v3.1a Definitions specific to pdftex (RS)

LaTeX Info: Redefining \lsstyle on input line 902.
LaTeX Info: Redefining \lslig on input line 902.
\MT@outer@space=\skip62
)
Package microtype Info: Loading configuration file microtype.cfg.

(/usr/share/texlive/texmf-dist/tex/latex/microtype/microtype.cfg
File: microtype.cfg 2023/03/13 v3.1a microtype main configuration file (RS)
))
(/usr/share/texlive/texmf-dist/tex/latex/natbib/natbib.sty
Package: natbib 2010/09/13 8.31b (PWD, AO)
\bibhang=\skip63
\bibsep=\skip64
LaTeX Info: Redefining \cite on input line 694.
\c@NAT@ctr=\count282
)
(/usr/share/texlive/texmf-dist/tex/latex/booktabs/booktabs.sty
Package: booktabs 2020/01/12 v1.61803398 Publication quality tables
\heavyrulewidth=\dimen156
\lightrulewidth=\dimen157
\cmidrulewidth=\dimen158
\belowrulesep=\dimen159
\belowbottomsep=\dimen160
\aboverulesep=\dimen161
\abovetopsep=\dimen162
\cmidrulesep=\dimen163
\cmidrulekern=\dimen164
\defaultaddspace=\dimen165
\@cmidla=\count283
\@cmidlb=\count284
\@aboverulesep=\dimen166
\@belowrulesep=\dimen167
\@thisruleclass=\count285
\@lastruleclass=\count286
\@thisrulewidth=\dimen168
)
(/usr/share/texlive/texmf-dist/tex/latex/graphics/color.sty
Package: color 2022/01/06 v1.3d Standard LaTeX Color (DPC)

(/usr/share/texlive/texmf-dist/tex/latex/graphics-cfg/color.cfg
File: color.cfg 2016/01/02 v1.6 sample color configuration
)
Package color Info: Driver file: pdftex.def on input line 149.

(/usr/share/texlive/texmf-dist/tex/latex/graphics/mathcolor.ltx))
(/usr/share/texlive/texmf-dist/tex/latex/url/url.sty
\Urlmuskip=\muskip16
Package: url 2013/09/16  ver 3.4  Verb mode for urls, etc.
)
(./template_peerReviewed.aux)
\openout1 = `template_peerReviewed.aux'.

LaTeX Font Info:    Checking defaults for OML/cmm/m/it on input line 47.
LaTeX Font Info:    ... okay on input line 47.
LaTeX Font Info:    Checking defaults for OMS/cmsy/m/n on input line 47.
LaTeX Font Info:    ... okay on input line 47.
LaTeX Font Info:    Checking defaults for OT1/cmr/m/n on input line 47.
LaTeX Font Info:    ... okay on input line 47.
LaTeX Font Info:    Checking defaults for T1/cmr/m/n on input line 47.
LaTeX Font Info:    ... okay on input line 47.
LaTeX Font Info:    Checking defaults for TS1/cmr/m/n on input line 47.
LaTeX Font Info:    ... okay on input line 47.
LaTeX Font Info:    Checking defaults for OMX/cmex/m/n on input line 47.
LaTeX Font Info:    ... okay on input line 47.
LaTeX Font Info:    Checking defaults for U/cmr/m/n on input line 47.
LaTeX Font Info:    ... okay on input line 47.

(/usr/share/texlive/texmf-dist/tex/context/base/mkii/supp-pdf.mkii
[Loading MPS to PDF converter (version 2006.09.02).]
\scratchcounter=\count287
\scratchdimen=\dimen169
\scratchbox=\box54
\nofMPsegments=\count288
\nofMParguments=\count289
\everyMPshowfont=\toks22
\MPscratchCnt=\count290
\MPscratchDim=\dimen170
\MPnumerator=\count291
\makeMPintoPDFobject=\count292
\everyMPtoPDFconversion=\toks23
) (/usr/share/texlive/texmf-dist/tex/latex/epstopdf-pkg/epstopdf-base.sty
Package: epstopdf-base 2020-01-24 v2.11 Base part for package epstopdf
Package epstopdf-base Info: Redefining graphics rule for `.eps' on input line 4
85.

(/usr/share/texlive/texmf-dist/tex/latex/latexconfig/epstopdf-sys.cfg
File: epstopdf-sys.cfg 2010/07/13 v1.3 Configuration of (r)epstopdf for TeX Liv
e
))
\big@size=\dimen171
Package caption Info: Begin \AtBeginDocument code.
Package caption Info: End \AtBeginDocument code.
LaTeX Info: Redefining \microtypecontext on input line 47.
Package microtype Info: Applying patch `item' on input line 47.
Package microtype Info: Applying patch `toc' on input line 47.
Package microtype Info: Applying patch `eqnum' on input line 47.
Package microtype Info: Applying patch `footnote' on input line 47.
Package microtype Info: Applying patch `verbatim' on input line 47.
Package microtype Info: Generating PDF output.
Package microtype Info: Character protrusion enabled (level 2).
Package microtype Info: Using default protrusion set `alltext'.
Package microtype Info: Automatic font expansion enabled (level 2),
(microtype)             stretch: 20, shrink: 20, step: 1, non-selected.
Package microtype Info: Using default expansion set `alltext-nott'.
LaTeX Info: Redefining \showhyphens on input line 47.
Package microtype Info: No adjustment of tracking.
Package microtype Info: No adjustment of interword spacing.
Package microtype Info: No adjustment of character kerning.

(/usr/share/texlive/texmf-dist/tex/latex/microtype/mt-ptm.cfg
File: mt-ptm.cfg 2006/04/20 v1.7 microtype config. file: Times (RS)
)
Package microtype Info: Loading generic protrusion settings for font family
(microtype)             `phv' (encoding: T1).
(microtype)             For optimal results, create family-specific settings.
(microtype)             See the microtype manual for details.
LaTeX Font Info:    Font shape `T1/phv/bx/n' in size <17.28> not available
(Font)              Font shape `T1/phv/b/n' tried instead on input line 56.
LaTeX Font Info:    Font shape `T1/phv/b/n' will be
(Font)              scaled to size 15.89755pt on input line 56.
Package microtype Info: Loading generic protrusion settings for font family
(microtype)             `ztmcm' (encoding: OT1).
(microtype)             For optimal results, create family-specific settings.
(microtype)             See the microtype manual for details.
LaTeX Font Info:    Font shape `OT1/ptm/bx/n' in size <17.28> not available
(Font)              Font shape `OT1/ptm/b/n' tried instead on input line 56.
LaTeX Font Info:    Font shape `OT1/ptm/bx/n' in size <12> not available
(Font)              Font shape `OT1/ptm/b/n' tried instead on input line 56.
LaTeX Font Info:    Font shape `OT1/ptm/bx/n' in size <9> not available
(Font)              Font shape `OT1/ptm/b/n' tried instead on input line 56.
LaTeX Font Info:    Font shape `OT1/ptm/bx/n' in size <7> not available
(Font)              Font shape `OT1/ptm/b/n' tried instead on input line 56.
LaTeX Font Info:    Font shape `OT1/ptm/bx/n' in size <5> not available
(Font)              Font shape `OT1/ptm/b/n' tried instead on input line 56.
LaTeX Font Info:    Trying to load font information for T1+pcr on input line 56
.

(/usr/share/texlive/texmf-dist/tex/latex/psnfss/t1pcr.fd
File: t1pcr.fd 2001/06/04 font definitions for T1/pcr.
)
Package microtype Info: Loading generic protrusion settings for font family
(microtype)             `pcr' (encoding: T1).
(microtype)             For optimal results, create family-specific settings.
(microtype)             See the microtype manual for details.
LaTeX Font Info:    Font shape `T1/phv/bx/n' in size <10> not available
(Font)              Font shape `T1/phv/b/n' tried instead on input line 56.
LaTeX Font Info:    Font shape `T1/phv/b/n' will be
(Font)              scaled to size 9.19998pt on input line 56.
LaTeX Font Info:    Font shape `T1/phv/bx/n' in size <12> not available
(Font)              Font shape `T1/phv/b/n' tried instead on input line 58.
LaTeX Font Info:    Font shape `T1/phv/b/n' will be
(Font)              scaled to size 11.03998pt on input line 58.
 [1{/var/lib/texmf/fonts/map/pdftex/updmap/pdftex.map}{/usr/share/texlive/texmf
-dist/fonts/enc/dvips/base/8r.enc}


 <./aeslogo.png>]
Underfull \hbox (badness 10000) in paragraph at lines 76--77
[]\T1/ptm/m/n/10 (+20) A lightweight Python back-end, us-ing the
 []


Underfull \hbox (badness 6412) in paragraph at lines 76--77
\T1/pcr/m/n/10 python-osc \T1/ptm/m/n/10 (+20) li-brary, re-ceives OSC mes-sage
s
 []

LaTeX Font Info:    Trying to load font information for OMS+ptm on input line 8
8.
(/usr/share/texlive/texmf-dist/tex/latex/psnfss/omsptm.fd
File: omsptm.fd 
)
LaTeX Font Info:    Font shape `OMS/ptm/m/n' in size <10> not available
(Font)              Font shape `OMS/cmsy/m/n' tried instead on input line 88.
LaTeX Font Info:    Font shape `T1/ptm/bx/n' in size <10> not available
(Font)              Font shape `T1/ptm/b/n' tried instead on input line 88.
<hammer-aitoff.png, id=15, 458.71375pt x 288.07625pt>
File: hammer-aitoff.png Graphic file (type png)
<use hammer-aitoff.png>
Package pdftex.def Info: hammer-aitoff.png  used on input line 111.
(pdftex.def)             Requested size: 205.19933pt x 128.86826pt.

Underfull \hbox (badness 2662) in paragraph at lines 112--112
[][]|\T1/ptm/m/n/10 (+20) Ex-am-ple out-put of the plu-gin us-ing the
 []

<boat.png, id=16, 1927.2pt x 961.5925pt>
File: boat.png Graphic file (type png)
<use boat.png>
Package pdftex.def Info: boat.png  used on input line 119.
(pdftex.def)             Requested size: 205.19933pt x 102.38611pt.
[2] (./template_peerReviewed.bbl [3 <./hammer-aitoff.png> <./boat.png>]
Underfull \hbox (badness 1460) in paragraph at lines 19--21
[]\T1/ptm/m/n/10 (+20) CNMAT, ``Open Sound Con-trol Spec-i-fi-ca-tion
 []

) 
AED: lastpage setting LastPage
[4

] (./template_peerReviewed.aux) ) 
Here is how much of TeX's memory you used:
 6804 strings out of 476034
 108036 string characters out of 5792864
 1860388 words of memory out of 6000000
 26845 multiletter control sequences out of 15000+600000
 593532 words of font info for 282 fonts, out of 8000000 for 9000
 1137 hyphenation exceptions out of 8191
 59i,11n,62p,1018b,406s stack positions out of 10000i,1000n,20000p,200000b,200000s
</usr/share/texlive/texmf-dist/fonts/type1/pub
lic/amsfonts/cm/cmsy10.pfb></usr/share/texlive/texmf-dist/fonts/type1/urw/couri
er/ucrr8a.pfb></usr/share/texlive/texmf-dist/fonts/type1/urw/helvetic/uhvb8a.pf
b></usr/share/texlive/texmf-dist/fonts/type1/urw/helvetic/uhvr8a.pfb></usr/shar
e/texlive/texmf-dist/fonts/type1/urw/times/utmb8a.pfb></usr/share/texlive/texmf
-dist/fonts/type1/urw/times/utmr8a.pfb></usr/share/texlive/texmf-dist/fonts/typ
e1/urw/times/utmri8a.pfb>
Output written on template_peerReviewed.pdf (4 pages, 1469017 bytes).
PDF statistics:
 53 PDF objects out of 1000 (max. 8388607)
 33 compressed objects within 1 object stream
 0 named destinations out of 1000 (max. 500000)
 93200 words of extra memory for PDF output out of 106986 (max. 10000000)

